<!DOCTYPE html>
<html lang="zh-cn">
<head>
    <meta charset="utf-8" />
    <meta http-equiv="X-UA-Compatible" content="IE=edge">
    <meta name="viewport" content="width=device-width, initial-scale=1.0, user-scalable=0, minimal-ui">
    <title>SQL有外连接的时候注意过滤条件位置否则会导致网页慢_mysql教程_IDC笔记</title>
    <meta name="keywords" content="PHP,PHP笔记,PHP教程" />
    <meta name="description" content="这篇文章主要为大家详细介绍了SQL有外连接的时候注意过滤条件位置否则会导致网页慢，具有一定的参考价值，可以用来参考一下。

对此感兴趣的朋友，看看idc笔记做的技术笔记！奶奶的" />
    <meta content="Responsive admin theme build on top of Bootstrap 4" name="description" />
    <meta content="idcnote.com" name="author" />
    <link rel="shortcut icon" href="/skin1/images/favicon.ico">
    <!--Morris Chart CSS -->
    <link rel="stylesheet" href="/skin1/css/morris.css">
    <link href="/skin1/css/bootstrap.min.css" rel="stylesheet" type="text/css">
    <link href="/skin1/css/metismenu.min.css" rel="stylesheet" type="text/css">
    <link href="/skin1/css/icons.css" rel="stylesheet" type="text/css">
    <link href="/skin1/css/style.css" rel="stylesheet" type="text/css">
<link href="/SyntaxHighlighter/shCoreDefault.css" rel="stylesheet" type="text/css" />
<script type="text/javascript" src="/SyntaxHighlighter/shCore.js"></script>
<script type="text/javascript">
 SyntaxHighlighter.all();
</script>
<script>
var paras = document.getElementsByTagName("pre");
for ( var i=0;i<paras.length;i++ ) {
    paras[i].setAttribute("class","brush:php;toolbar:false");     
}
</script>
</head>
<body>
<!-- Begin page -->
		<div id="wrapper">
			<!-- Top Bar Start -->
			<div class="topbar">
				<!-- LOGO -->
				<div class="topbar-left">
					<a href="/" class="logo">
						<span class="logo-light">
                            <i class="mdi mdi-camera-control"></i>IDC笔记
                        </span>
						<span class="logo-sm">
                            <i class="mdi mdi-camera-control"></i>
                        </span>
					</a>
				</div>
				<nav class="navbar-custom">
					<ul class="navbar-right list-inline float-right mb-0">
						<!--<li class="dropdown notification-list list-inline-item d-none d-md-inline-block">
							<a class="nav-link waves-effect" href="#" id="btn-fullscreen">
								<i class="mdi mdi-arrow-expand-all noti-icon"></i>
							</a>
						</li>
						<li class="dropdown notification-list list-inline-item">
							<div class="dropdown notification-list nav-pro-img">
								<a class="dropdown-toggle nav-link arrow-none nav-user" data-toggle="dropdown" href="#" role="button" aria-haspopup="false" aria-expanded="false">
									<img src="/skin1/picture/user-4.jpg" alt="user" class="rounded-circle">
								</a>
								<div class="dropdown-menu dropdown-menu-right profile-dropdown ">
									<a class="dropdown-item" href="#">
										<i class="mdi mdi-account-circle"></i> Profile</a>
									<a class="dropdown-item" href="#">
										<i class="mdi mdi-wallet"></i> Wallet</a>
									<a class="dropdown-item d-block" href="#">
										<span class="badge badge-success float-right">11</span>
										<i class="mdi mdi-settings"></i> Settings</a>
									<a class="dropdown-item" href="#">
										<i class="mdi mdi-lock-open-outline"></i> Lock screen</a>
									<div class="dropdown-divider"></div>
									<a class="dropdown-item text-danger" href="#">
										<i class="mdi mdi-power text-danger"></i> Logout</a>
								</div>
							</div>
						</li>
						-->
					</ul>
					<ul class="list-inline menu-left mb-0">
						<li class="float-left">
							<button class="button-menu-mobile open-left waves-effect">
                            <i class="mdi mdi-menu"></i>
                        </button>
						</li>
						<li class="d-none d-md-inline-block">
							<form role="search" class="app-search">
								<div class="form-group mb-0">
									<input type="text" class="form-control" placeholder="Search..">
									<button type="submit"><i class="fa fa-search"></i></button>
								</div>
							</form>
						</li>
					</ul>
				</nav>
			</div>
<!-- ========== Left Sidebar Start ========== -->
<div class="left side-menu">
    <div class="slimscroll-menu" id="remove-scroll">
    <!--- Sidemenu -->
    <div id="sidebar-menu">
    <!-- Left Menu Start -->
    <ul class="metismenu" id="side-menu">
			<li>
	    <a href="/mysql/biji/" class="waves-effect">
		    <i class="icon-share"></i>
		    <span>数据库笔记
		       	<span class="float-right menu-arrow">
		       	<i class="mdi mdi-chevron-right"></i>
		       	</span>
		    </span>
	    </a>
	</li>
	</ul>
</div>
<!-- Sidebar -->
<div class="clearfix"></div>
</div>
<!-- Sidebar -left -->
</div>
<!-- Left Sidebar End -->
<!-- Start right Content here -->
<div class="content-page">
	<div class="content">
		<div class="container-fluid">
			<div class="page-title-box">
				<div class="row align-items-center">
					<div class="col-sm-6">
						<h1 class="page-title">SQL有外连接的时候注意过滤条件位置否则会导致网页慢</h1>
					</div>
                    <div class="panel-title">
                        2022-11-12 09:43:14                    </div>
				</div>
				<!-- end row -->
			</div>
			<!-- end page-title -->
			<!-- START ROW -->
			<div class="panel panel-forbid">
				<div class="panel-title"><i class="fa fa fa-file-text fa-fw"></i>内容摘要</div>
			    <div class="panel-content">
			    <span>这篇文章主要为大家详细介绍了SQL有外连接的时候注意过滤条件位置否则会导致网页慢，具有一定的参考价值，可以用来参考一下。

对此感兴趣的朋友，看看idc笔记做的技术笔记！奶奶的</span>                                     
		    	</div>
			    <div class="panel-title"><i class="fa fa fa-file-text fa-fw"></i>文章正文</div>
			    <div class="panel-content">
			    <span><p>这篇文章主要为大家详细介绍了SQL有外连接的时候注意过滤条件位置否则会导致网页慢，具有一定的参考价值，可以用来参考一下。</p>

<p>对此感兴趣的朋友，看看idc笔记做的技术笔记！</p>奶奶的，为啥现在五一节只放3天，5月的天气最适合出游了，不过俺们这些苦逼的IT男是没法享受了。一来到公司，项目经理就找到开发leader，说我们网站 页面很慢，让他排查原因。一听说 网站慢，页面慢哥就来精神了，哥的老本行就是 解决&ldquo;慢&rdquo;的问题。开发leader 很郁闷的说，我们已经加了 memcache了，20分钟 cache一次，咋个还是慢呢，于是哥就问，那个网页跑了哪些SQL？ 能抓出来让我看看吗？ 开发Leader 果断的把SQL 抓了出来。经过排查，我们发现了一个SQL确实跑得慢。该SQL 如下
<p>代码如下:</p>
<pre>
<code> 
select * 
from (select u.NAME UniversityName, 
u.id UniversityId, 
count(a.SIGNUPNUMBER) playercnt 
from T_B_UNIVERSITY u 
left join T_D_EDUCATION e 
on e.UNIVERSITY_ID = u.id 
left join T_D_VIDEO_PLAYER a 
on a.USER_ID = e.user_id 
and e.ISDEFAULT = 1 
and e.ISVALID = 1 
and a.AUDITSTATUS = 1 
and a.ISVALID = 1 
left join T_D_USER c 
on a.USER_ID = c.id 
and c.ISVALID = 1 
where u.REGION_CODE like &#39;43%&#39; 
group by u.NAME, u.id) 
order by playercnt desc; 
</code></pre>执行计划如下
<p>代码如下:</p>
<pre>
<code> 
执行计划 
---------------------------------------------------------- 
Plan hash value: 3938743742 
-------------------------------------------------------------------------------------------- 
| Id | Operation | Name | Rows | Bytes | Cost (%CPU)| Time | 
-------------------------------------------------------------------------------------------- 
| 0 | SELECT STATEMENT | | 142 | 10366 | 170 (3)| 00:00:03 | 
| 1 | SORT ORDER BY | | 142 | 10366 | 170 (3)| 00:00:03 | 
| 2 | HASH GROUP BY | | 142 | 10366 | 170 (3)| 00:00:03 | 
|* 3 | HASH JOIN RIGHT OUTER| | 672 | 49056 | 168 (2)| 00:00:03 | 
|* 4 | TABLE ACCESS FULL | T_D_USER | 690 | 5520 | 5 (0)| 00:00:01 | 
| 5 | NESTED LOOPS OUTER | | 672 | 43680 | 162 (1)| 00:00:02 | 
|* 6 | HASH JOIN OUTER | | 672 | 37632 | 14 (8)| 00:00:01 | 
|* 7 | TABLE ACCESS FULL | T_B_UNIVERSITY | 50 | 2050 | 8 (0)| 00:00:01 | 
| 8 | TABLE ACCESS FULL | T_D_EDUCATION | 672 | 10080 | 5 (0)| 00:00:01 | 
| 9 | VIEW | | 1 | 9 | 0 (0)| 00:00:01 | 
|* 10 | FILTER | | | | | | 
|* 11 | TABLE ACCESS FULL| T_D_VIDEO_PLAYER | 1 | 15 | 3 (0)| 00:00:01 | 
-------------------------------------------------------------------------------------------- 
Predicate Information (identified by operation id): 
--------------------------------------------------- 
3 - access(&quot;A&quot;.&quot;USER_ID&quot;=&quot;C&quot;.&quot;ID&quot;(+)) 
4 - filter(&quot;C&quot;.&quot;ISVALID&quot;(+)=1) 
6 - access(&quot;E&quot;.&quot;UNIVERSITY_ID&quot;(+)=&quot;U&quot;.&quot;ID&quot;) 
7 - filter(&quot;U&quot;.&quot;REGION_CODE&quot; LIKE &#39;43%&#39;) 
10 - filter(&quot;E&quot;.&quot;ISVALID&quot;=1 AND &quot;E&quot;.&quot;ISDEFAULT&quot;=1) 
11 - filter(&quot;A&quot;.&quot;USER_ID&quot;=&quot;E&quot;.&quot;USER_ID&quot; AND &quot;A&quot;.&quot;AUDITSTATUS&quot;=1 AND 
&quot;A&quot;.&quot;ISVALID&quot;=1) 
</code></pre>大家能发现这个SQL 的问题吗？ 这个 SQL 之所以跑得慢是因为开发人员把SQL的条件写错位置了正确的写法应该是 下面这样的
<p>代码如下:</p>
<pre>
<code> 
select * 
from (select u.NAME UniversityName, 
u.id UniversityId, 
count(a.SIGNUPNUMBER) playercnt 
from T_B_UNIVERSITY u 
left join T_D_EDUCATION e 
on e.UNIVERSITY_ID = u.id 
and e.ISDEFAULT = 1 
and e.ISVALID = 1 
left join T_D_VIDEO_PLAYER a 
on a.USER_ID = e.user_id 
and a.AUDITSTATUS = 1 
and a.ISVALID = 1 
left join T_D_USER c 
on a.USER_ID = c.id 
and c.ISVALID = 1 
where u.REGION_CODE like &#39;43%&#39; 
group by u.NAME, u.id) 
order by playercnt desc; 
</code></pre>执行计划如下
<p>代码如下:</p>
<pre>
<code> 
执行计划 
---------------------------------------------------------- 
Plan hash value: 2738827747 
--------------------------------------------------------------------------------------------- 
| Id | Operation | Name | Rows | Bytes | Cost (%CPU)| Time | 
--------------------------------------------------------------------------------------------- 
| 0 | SELECT STATEMENT | | 142 | 11218 | 25 (16)| 00:00:01 | 
| 1 | SORT ORDER BY | | 142 | 11218 | 25 (16)| 00:00:01 | 
| 2 | HASH GROUP BY | | 142 | 11218 | 25 (16)| 00:00:01 | 
|* 3 | HASH JOIN RIGHT OUTER | | 301 | 23779 | 23 (9)| 00:00:01 | 
|* 4 | TABLE ACCESS FULL | T_D_USER | 690 | 5520 | 5 (0)| 00:00:01 | 
|* 5 | HASH JOIN RIGHT OUTER| | 301 | 21371 | 17 (6)| 00:00:01 | 
|* 6 | TABLE ACCESS FULL | T_D_VIDEO_PLAYER | 78 | 1170 | 3 (0)| 00:00:01 | 
|* 7 | HASH JOIN OUTER | | 301 | 16856 | 14 (8)| 00:00:01 | 
|* 8 | TABLE ACCESS FULL | T_B_UNIVERSITY | 50 | 2050 | 8 (0)| 00:00:01 | 
|* 9 | TABLE ACCESS FULL | T_D_EDUCATION | 301 | 4515 | 5 (0)| 00:00:01 | 
--------------------------------------------------------------------------------------------- 
Predicate Information (identified by operation id): 
--------------------------------------------------- 
3 - access(&quot;A&quot;.&quot;USER_ID&quot;=&quot;C&quot;.&quot;ID&quot;(+)) 
4 - filter(&quot;C&quot;.&quot;ISVALID&quot;(+)=1) 
5 - access(&quot;A&quot;.&quot;USER_ID&quot;(+)=&quot;E&quot;.&quot;USER_ID&quot;) 
6 - filter(&quot;A&quot;.&quot;AUDITSTATUS&quot;(+)=1 AND &quot;A&quot;.&quot;ISVALID&quot;(+)=1) 
7 - access(&quot;E&quot;.&quot;UNIVERSITY_ID&quot;(+)=&quot;U&quot;.&quot;ID&quot;) 
8 - filter(&quot;U&quot;.&quot;REGION_CODE&quot; LIKE &#39;43%&#39;) 
9 - filter(&quot;E&quot;.&quot;ISDEFAULT&quot;(+)=1 AND &quot;E&quot;.&quot;ISVALID&quot;(+)=1) 
</code></pre>之前SQL要跑至少5秒以上，现在0.1秒能出结果。各位童鞋，SQL 有外连接的时候，要注意过滤条件的位置，记住啦！！！有SQL 需要优化的 欢迎加入 QQ 群 220761024 申请注明 来自CSDN

<p>注：关于SQL有外连接的时候注意过滤条件位置否则会导致网页慢的内容就先介绍到这里，更多相关文章的可以留意</span>                                     
		    	</div>
		    	<div class="panel-title"><i class="fa fa fa-file-text fa-fw"></i>代码注释</div>
			    <div class="panel-content">
			    <span></span>                                     
		    	</div>
			</div>

			<!-- END ROW -->
			<div class="newsPage">
				<div class="newsPageTurn">
				    <span><a>上一篇</a><a href='/mysql/biji/3082.html'>SQL Server insert into select和select into的使用和区别</a><a>下一篇</a><a href='/mysql/biji/3084.html'>SQL Server木马修复,中木马后的处理方法</a></span>
				</div>
			</div>
		</div>


<div id="author-box">
    <h3>作者：喵哥笔记</h3>
        <div class="author-info">
            <div class="author-avatar">
                <img src="/skin1/picture/01.jpg" alt="IDC笔记" class="avatar" width="64" height="64">
            </div>
        <div class="author-description">
            <p>学的不仅是技术，更是梦想！</p>
            <ul class="author-social follows nb">
            	<li>
                    <a target="_blank" href="/" title="IDC笔记">IDC笔记</a>
                </li>
            </ul>
        </div>
        <div class="clear"></div>
    </div>
</div>
<script>
var paras = document.getElementsByTagName("pre");
for ( var i=0;i<paras.length;i++ ) {
    paras[i].setAttribute("class","brush:php;toolbar:false");     
}
</script>
<!-- container-fluid -->
	</div>
<!-- content -->
	<footer class="footer">
	© 2020 IDC笔记 <i class="mdi mdi-heart text-danger"></i>. | 备案号：<a href="https://beian.miit.gov.cn/">辽ICP备18000516号</a>
<script>
var _hmt = _hmt || [];
(function() {
  var hm = document.createElement("script");
  hm.src = "https://hm.baidu.com/hm.js?674585fbbd2294d3faf910f668ea91b4";
  var s = document.getElementsByTagName("script")[0]; 
  s.parentNode.insertBefore(hm, s);
})();
</script>

	</footer>
</div>

</div>
<!-- END wrapper -->
<!-- jQuery  -->
<script src="/skin1/js/jquery.min.js"></script>
<script src="/skin1/js/bootstrap.bundle.min.js"></script>
<script src="/skin1/js/metismenu.min.js"></script>
<script src="/skin1/js/jquery.slimscroll.js"></script>
<script src="/skin1/js/waves.min.js"></script>
<!--Morris Chart-->
<script src="/skin1/js/morris.min.js"></script>
<script src="/skin1/js/raphael.min.js"></script>
<script src="/skin1/js/dashboard.init.js"></script>
<script src="/skin1/js/app.js"></script>
<script src="/foot.js"></script>
</body>
</html>