<!DOCTYPE html>
<html lang="zh-cn">
<head>
    <meta charset="utf-8" />
    <meta http-equiv="X-UA-Compatible" content="IE=edge">
    <meta name="viewport" content="width=device-width, initial-scale=1.0, user-scalable=0, minimal-ui">
    <title>Oracle CBO几种基本的查询转换详解_PHP教程_IDC笔记</title>
    <meta name="keywords" content="PHP,PHP笔记,PHP教程" />
    <meta name="description" content="在执行计划的开发过程中，转换和选择有这个不同的任务；实际上，在一个查询进行完语法和权限检查后，首先发生通称为“查询转换”的步骤，这里会进行一系列查询块的转换，然后才是“优选" />
    <meta content="Responsive admin theme build on top of Bootstrap 4" name="description" />
    <meta content="idcnote.com" name="author" />
    <link rel="shortcut icon" href="/skin1/images/favicon.ico">
    <!--Morris Chart CSS -->
    <link rel="stylesheet" href="/skin1/css/morris.css">
    <link href="/skin1/css/bootstrap.min.css" rel="stylesheet" type="text/css">
    <link href="/skin1/css/metismenu.min.css" rel="stylesheet" type="text/css">
    <link href="/skin1/css/icons.css" rel="stylesheet" type="text/css">
    <link href="/skin1/css/style.css" rel="stylesheet" type="text/css">
<link href="/SyntaxHighlighter/shCoreDefault.css" rel="stylesheet" type="text/css" />
<script type="text/javascript" src="/SyntaxHighlighter/shCore.js"></script>
<script type="text/javascript">
 SyntaxHighlighter.all();
</script>
<script>
var paras = document.getElementsByTagName("pre");
for ( var i=0;i<paras.length;i++ ) {
    paras[i].setAttribute("class","brush:php;toolbar:false");     
}
</script>
</head>
<body>
<!-- Begin page -->
		<div id="wrapper">
			<!-- Top Bar Start -->
			<div class="topbar">
				<!-- LOGO -->
				<div class="topbar-left">
					<a href="/" class="logo">
						<span class="logo-light">
                            <i class="mdi mdi-camera-control"></i>IDC笔记
                        </span>
						<span class="logo-sm">
                            <i class="mdi mdi-camera-control"></i>
                        </span>
					</a>
				</div>
				<nav class="navbar-custom">
					<ul class="navbar-right list-inline float-right mb-0">
						<!--<li class="dropdown notification-list list-inline-item d-none d-md-inline-block">
							<a class="nav-link waves-effect" href="#" id="btn-fullscreen">
								<i class="mdi mdi-arrow-expand-all noti-icon"></i>
							</a>
						</li>
						<li class="dropdown notification-list list-inline-item">
							<div class="dropdown notification-list nav-pro-img">
								<a class="dropdown-toggle nav-link arrow-none nav-user" data-toggle="dropdown" href="#" role="button" aria-haspopup="false" aria-expanded="false">
									<img src="/skin1/picture/user-4.jpg" alt="user" class="rounded-circle">
								</a>
								<div class="dropdown-menu dropdown-menu-right profile-dropdown ">
									<a class="dropdown-item" href="#">
										<i class="mdi mdi-account-circle"></i> Profile</a>
									<a class="dropdown-item" href="#">
										<i class="mdi mdi-wallet"></i> Wallet</a>
									<a class="dropdown-item d-block" href="#">
										<span class="badge badge-success float-right">11</span>
										<i class="mdi mdi-settings"></i> Settings</a>
									<a class="dropdown-item" href="#">
										<i class="mdi mdi-lock-open-outline"></i> Lock screen</a>
									<div class="dropdown-divider"></div>
									<a class="dropdown-item text-danger" href="#">
										<i class="mdi mdi-power text-danger"></i> Logout</a>
								</div>
							</div>
						</li>
						-->
					</ul>
					<ul class="list-inline menu-left mb-0">
						<li class="float-left">
							<button class="button-menu-mobile open-left waves-effect">
                            <i class="mdi mdi-menu"></i>
                        </button>
						</li>
						<li class="d-none d-md-inline-block">
							<form role="search" class="app-search">
								<div class="form-group mb-0">
									<input type="text" class="form-control" placeholder="Search..">
									<button type="submit"><i class="fa fa-search"></i></button>
								</div>
							</form>
						</li>
					</ul>
				</nav>
			</div>
<!-- ========== Left Sidebar Start ========== -->
<div class="left side-menu">
    <div class="slimscroll-menu" id="remove-scroll">
    <!--- Sidemenu -->
    <div id="sidebar-menu">
    <!-- Left Menu Start -->
    <ul class="metismenu" id="side-menu">
			<li>
		<a href="javascript:void(0);" class="waves-effect">
			<i class="icon-share"></i>
			<span> PHP简介			<span class="float-right menu-arrow">
			<i class="mdi mdi-chevron-right"></i>
			</span> 
			</span>
		</a>
		<ul class="submenu">
			 <li><a href="/php/jianjie/1.html">PHP简介</a></li><li><a href="/php/jianjie/2.html">PHP用途</a></li>		</ul>
	</li>
		<li>
		<a href="javascript:void(0);" class="waves-effect">
			<i class="icon-share"></i>
			<span> PHP基本语法			<span class="float-right menu-arrow">
			<i class="mdi mdi-chevron-right"></i>
			</span> 
			</span>
		</a>
		<ul class="submenu">
			 <li><a href="/php/yufa/3.html">分离HTML</a></li><li><a href="/php/yufa/4.html">指令分隔符</a></li><li><a href="/php/yufa/5.html">PHP注释</a></li>		</ul>
	</li>
		<li>
		<a href="javascript:void(0);" class="waves-effect">
			<i class="icon-share"></i>
			<span> PHP类型			<span class="float-right menu-arrow">
			<i class="mdi mdi-chevron-right"></i>
			</span> 
			</span>
		</a>
		<ul class="submenu">
			 <li><a href="/php/phpleixing/6.html">PHP类型简介</a></li><li><a href="/php/phpleixing/7.html">PHP类型之布尔类型</a></li><li><a href="/php/phpleixing/8.html">PHP类型之整型</a></li><li><a href="/php/phpleixing/9.html">PHP类型之浮点型</a></li><li><a href="/php/phpleixing/10.html">PHP类型之字符串</a></li><li><a href="/php/phpleixing/11.html">PHP类型之数组</a></li><li><a href="/php/phpleixing/12.html">PHP类型之对象</a></li><li><a href="/php/phpleixing/13.html">PHP类型之资源类型</a></li><li><a href="/php/phpleixing/14.html">PHP类型之NULL</a></li><li><a href="/php/phpleixing/15.html">PHP类型之伪类型</a></li><li><a href="/php/phpleixing/16.html">PHP类型之类型判别</a></li>		</ul>
	</li>
		<li>
		<a href="javascript:void(0);" class="waves-effect">
			<i class="icon-share"></i>
			<span> PHP变量			<span class="float-right menu-arrow">
			<i class="mdi mdi-chevron-right"></i>
			</span> 
			</span>
		</a>
		<ul class="submenu">
			 <li><a href="/php/phpbianliang/17.html">PHP变量之基础</a></li><li><a href="/php/phpbianliang/18.html">PHP变量之预定义变量</a></li><li><a href="/php/phpbianliang/19.html">PHP变量之变量范围</a></li><li><a href="/php/phpbianliang/20.html">PHP变量之可变变量</a></li><li><a href="/php/phpbianliang/21.html">PHP变量之外部变量</a></li>		</ul>
	</li>
		<li>
		<a href="javascript:void(0);" class="waves-effect">
			<i class="icon-share"></i>
			<span> PHP运算符			<span class="float-right menu-arrow">
			<i class="mdi mdi-chevron-right"></i>
			</span> 
			</span>
		</a>
		<ul class="submenu">
			 <li><a href="/php/yunsuanfu/22.html">PHP运算符优先级</a></li><li><a href="/php/yunsuanfu/23.html">算术运算符</a></li><li><a href="/php/yunsuanfu/24.html">赋值运算符</a></li><li><a href="/php/yunsuanfu/25.html">位运算符</a></li><li><a href="/php/yunsuanfu/26.html">比较运算符</a></li><li><a href="/php/yunsuanfu/27.html">错误控制运算符</a></li><li><a href="/php/yunsuanfu/28.html">执行运算符</a></li><li><a href="/php/yunsuanfu/29.html">递增/递减运算符</a></li><li><a href="/php/yunsuanfu/30.html">逻辑运算符</a></li><li><a href="/php/yunsuanfu/31.html">字符串运算符</a></li><li><a href="/php/yunsuanfu/32.html">数组运算符</a></li><li><a href="/php/yunsuanfu/33.html">类型运算符</a></li>		</ul>
	</li>
		<li>
		<a href="javascript:void(0);" class="waves-effect">
			<i class="icon-share"></i>
			<span> PHP控制结构			<span class="float-right menu-arrow">
			<i class="mdi mdi-chevron-right"></i>
			</span> 
			</span>
		</a>
		<ul class="submenu">
			 <li><a href="/php/jiegou/34.html">PHP控制结构之if</a></li><li><a href="/php/jiegou/35.html">PHP控制结构之else</a></li><li><a href="/php/jiegou/36.html">PHP控制结构之elseif/else if</a></li><li><a href="/php/jiegou/37.html">PHP控制结构之替代语法</a></li><li><a href="/php/jiegou/38.html">PHP控制结构之while</a></li><li><a href="/php/jiegou/39.html">PHP控制结构之do-while</a></li><li><a href="/php/jiegou/40.html">PHP控制结构之for</a></li><li><a href="/php/jiegou/41.html">PHP控制结构之foreach</a></li><li><a href="/php/jiegou/42.html">PHP控制结构之break</a></li><li><a href="/php/jiegou/43.html">PHP控制结构之continue</a></li><li><a href="/php/jiegou/44.html">PHP控制结构之switch</a></li><li><a href="/php/jiegou/45.html">PHP控制结构之declare</a></li><li><a href="/php/jiegou/46.html">PHP控制结构之return</a></li><li><a href="/php/jiegou/47.html">PHP控制结构之require</a></li><li><a href="/php/jiegou/48.html">PHP控制结构之include</a></li>		</ul>
	</li>
		<li>
		<a href="javascript:void(0);" class="waves-effect">
			<i class="icon-share"></i>
			<span> PHP函数			<span class="float-right menu-arrow">
			<i class="mdi mdi-chevron-right"></i>
			</span> 
			</span>
		</a>
		<ul class="submenu">
			 <li><a href="/php/hanshu/52.html">用户自定义函数</a></li><li><a href="/php/hanshu/53.html">函数的参数</a></li><li><a href="/php/hanshu/54.html">返回值</a></li><li><a href="/php/hanshu/55.html">可变函数</a></li><li><a href="/php/hanshu/56.html">内部（内置）函数</a></li><li><a href="/php/hanshu/57.html">匿名函数</a></li>		</ul>
	</li>
		<li>
		<a href="javascript:void(0);" class="waves-effect">
			<i class="icon-share"></i>
			<span> PHP类与对象			<span class="float-right menu-arrow">
			<i class="mdi mdi-chevron-right"></i>
			</span> 
			</span>
		</a>
		<ul class="submenu">
			 <li><a href="/php/phpduixiang/58.html">类与对象前言</a></li><li><a href="/php/phpduixiang/59.html">基本概念</a></li><li><a href="/php/phpduixiang/60.html">属性</a></li><li><a href="/php/phpduixiang/61.html">类常量</a></li><li><a href="/php/phpduixiang/62.html">自动加载对象</a></li><li><a href="/php/phpduixiang/63.html">构造函数和析构函数</a></li><li><a href="/php/phpduixiang/64.html">访问控制</a></li><li><a href="/php/phpduixiang/65.html">对象继承</a></li><li><a href="/php/phpduixiang/66.html">Static关键字</a></li><li><a href="/php/phpduixiang/67.html">抽象类</a></li><li><a href="/php/phpduixiang/68.html">接口</a></li><li><a href="/php/phpduixiang/69.html">Traits</a></li><li><a href="/php/phpduixiang/70.html">重载</a></li><li><a href="/php/phpduixiang/71.html">对象迭代</a></li><li><a href="/php/phpduixiang/72.html">设计模式</a></li>		</ul>
	</li>
		<li>
		<a href="javascript:void(0);" class="waves-effect">
			<i class="icon-share"></i>
			<span> PHP异常处理			<span class="float-right menu-arrow">
			<i class="mdi mdi-chevron-right"></i>
			</span> 
			</span>
		</a>
		<ul class="submenu">
			 <li><a href="/php/yichang/81.html">异常处理</a></li><li><a href="/php/yichang/82.html">扩展PHP内置的异常处理类</a></li>		</ul>
	</li>
		<li>
		<a href="javascript:void(0);" class="waves-effect">
			<i class="icon-share"></i>
			<span> PHP函数库按分类			<span class="float-right menu-arrow">
			<i class="mdi mdi-chevron-right"></i>
			</span> 
			</span>
		</a>
		<ul class="submenu">
			 <li><a href="/php/phpku/83.html">数组</a></li><li><a href="/php/phpku/84.html">Classes/Objects</a></li><li><a href="/php/phpku/85.html">Date/Time</a></li><li><a href="/php/phpku/86.html">Directories</a></li><li><a href="/php/phpku/87.html">错误处理</a></li><li><a href="/php/phpku/88.html">Program execution</a></li><li><a href="/php/phpku/89.html">Filesystem</a></li><li><a href="/php/phpku/90.html">Filter</a></li><li><a href="/php/phpku/91.html">Function Handling</a></li><li><a href="/php/phpku/92.html">PHP 选项/信息</a></li><li><a href="/php/phpku/93.html">Mail</a></li><li><a href="/php/phpku/94.html">Math</a></li><li><a href="/php/phpku/95.html">Misc.</a></li><li><a href="/php/phpku/96.html">Network</a></li><li><a href="/php/phpku/97.html">输出控制</a></li>		</ul>
	</li>
		<li>
		<a href="javascript:void(0);" class="waves-effect">
			<i class="icon-share"></i>
			<span> php基础			<span class="float-right menu-arrow">
			<i class="mdi mdi-chevron-right"></i>
			</span> 
			</span>
		</a>
		<ul class="submenu">
			 <li><a href="/php/phpbiji/108377.html"></a></li><li><a href="/php/phpbiji/108376.html"></a></li><li><a href="/php/phpbiji/108380.html"></a></li><li><a href="/php/phpbiji/108379.html"></a></li><li><a href="/php/phpbiji/108378.html"></a></li><li><a href="/php/phpbiji/108381.html"></a></li><li><a href="/php/phpbiji/108382.html"></a></li><li><a href="/php/phpbiji/108384.html"></a></li><li><a href="/php/phpbiji/108383.html"></a></li><li><a href="/php/phpbiji/108385.html"></a></li><li><a href="/php/phpbiji/108386.html"></a></li><li><a href="/php/phpbiji/108388.html"></a></li><li><a href="/php/phpbiji/108387.html"></a></li><li><a href="/php/phpbiji/108389.html"></a></li><li><a href="/php/phpbiji/108391.html"></a></li>		</ul>
	</li>
		<li>
	    <a href="/php/biji/" class="waves-effect">
		    <i class="icon-share"></i>
		    <span>PHP笔记
		       	<span class="float-right menu-arrow">
		       	<i class="mdi mdi-chevron-right"></i>
		       	</span>
		    </span>
	    </a>
	</li>
	</ul>
</div>
<!-- Sidebar -->
<div class="clearfix"></div>
</div>
<!-- Sidebar -left -->
</div>
<!-- Left Sidebar End -->
<!-- Start right Content here -->
<div class="content-page">
	<div class="content">
		<div class="container-fluid">
			<div class="page-title-box">
				<div class="row align-items-center">
					<div class="col-sm-6">
						<h1 class="page-title">Oracle CBO几种基本的查询转换详解</h1>
					</div>
				</div>
				<!-- end row -->
			</div>
			<!-- end page-title -->
			<!-- START ROW -->
			<div class="panel panel-forbid">
				<div class="panel-title"><i class="fa fa fa-file-text fa-fw"></i>内容摘要</div>
			    <div class="panel-content">
			    <span>在执行计划的开发过程中，转换和选择有这个不同的任务；实际上，在一个查询进行完语法和权限检查后，首先发生通称为“查询转换”的步骤，这里会进行一系列查询块的转换，然后才是“优选</span>                                     
		    	</div>
			    <div class="panel-title"><i class="fa fa fa-file-text fa-fw"></i>文章正文</div>
			    <div class="panel-content">
			    <span><p>在执行计划的开发过程中，转换和选择有这个不同的任务；实际上，在一个查询进行完语法和权限检查后，首先发生通称为“查询转换”的步骤，这里会进行一系列查询块的转换，然后才是“优选”（优化器为了决定最终的执行计划而为不同的计划计算成本从而选择最终的执行计划）。</p>
<p>我们知道查询块是以SELECT关键字区分的，查询的书写方式决定了查询块之间的关系，各个查询块通常都是嵌在另一个查询块中或者以某种方式与其相联结；例如：<br />
<div class="codetitle"><span><a style="CURSOR: pointer" data="3705" class="copybut" id="copybut3705" onclick="doCopy('code3705')"><U>复制代码</U></a></span> 代码如下:</div><div class="codebody" id="code3705"><br />
select * from employees where department_id in (select department_id from departments)<br />
</div><br />
就是嵌套的查询块，不过它们的目的都是去探索如果改变查询写法会不会提供更好的查询计划。</p>
<p>这种查询转换的步骤对于执行用户可以说是完全透明的，要知道转换器可能会在不改变查询结果集的情况下完全改写你的SQL语句结构，因此我们有必要重新评估自己的查询语句的心理预期，尽管这种转换通常来说都是好事，为了获得更好更高效的执行计划。</p>
<p>我们现在来讨论一下几种基本的转换：</p>
<p>1.视图合并<br />
2.子查询解嵌套<br />
3.谓语前推<br />
4.物化视图查询重写</p>
<p><strong>一、视图合并</strong></p>
<p>这种方式比较容易理解，它会将内嵌的视图展开成一个独立处理的查询块，或者将其与查询剩余部分合并成一个总的执行计划，转换后的语句基本上不包含视图了。</p>
<p>视图合并通常发生在当外部查询块的谓语包括：</p>
<p>1，能够在另一个查询块的索引中使用的列<br />
2，能够在另一个查询块的分区截断中所使用的列<br />
3，在一个联结视图能够限制返回行数的条件</p>
<p>在这种查询器的转换下，视图并不总会有自己的子查询计划，它会被预先分析并通常情况下与查询的其他部分合并以获得性能的提升，如下例。</p>
<p><div class="codetitle"><span><a style="CURSOR: pointer" data="95420" class="copybut" id="copybut95420" onclick="doCopy('code95420')"><U>复制代码</U></a></span> 代码如下:</div><div class="codebody" id="code95420"><br />
SQL&gt; set autotrace traceonly explain<br />
-- 进行视图合并<br />
SQL&gt; select * from EMPLOYEES a,<br />
&nbsp; 2&nbsp; (select DEPARTMENT_ID from EMPLOYEES) b_view<br />
&nbsp; 3&nbsp; where a.DEPARTMENT_ID = b_view.DEPARTMENT_ID(+)<br />
&nbsp; 4&nbsp; and a.SALARY &gt; 3000;</p>
<p>Execution Plan<br />
----------------------------------------------------------<br />
Plan hash value: 1634680537</p>
<p>----------------------------------------------------------------------------------------<br />
| Id&nbsp; | Operation&nbsp;&nbsp;&nbsp;&nbsp;&nbsp;&nbsp;&nbsp;&nbsp;&nbsp; | Name&nbsp;&nbsp;&nbsp;&nbsp;&nbsp;&nbsp;&nbsp;&nbsp;&nbsp;&nbsp;&nbsp;&nbsp;&nbsp; | Rows&nbsp; | Bytes | Cost (%CPU)| Time&nbsp;&nbsp;&nbsp;&nbsp; |<br />
----------------------------------------------------------------------------------------<br />
|&nbsp;&nbsp; 0 | SELECT STATEMENT&nbsp;&nbsp; |&nbsp;&nbsp;&nbsp;&nbsp;&nbsp;&nbsp;&nbsp;&nbsp;&nbsp;&nbsp;&nbsp;&nbsp;&nbsp;&nbsp;&nbsp;&nbsp;&nbsp;&nbsp; |&nbsp; 3161 |&nbsp;&nbsp; 222K|&nbsp;&nbsp;&nbsp;&nbsp; 3&nbsp;&nbsp; (0)| 00:00:01 |<br />
|&nbsp;&nbsp; 1 |&nbsp; NESTED LOOPS OUTER|&nbsp;&nbsp;&nbsp;&nbsp;&nbsp;&nbsp;&nbsp;&nbsp;&nbsp;&nbsp;&nbsp;&nbsp;&nbsp;&nbsp;&nbsp;&nbsp;&nbsp;&nbsp; |&nbsp; 3161 |&nbsp;&nbsp; 222K|&nbsp;&nbsp;&nbsp;&nbsp; 3&nbsp;&nbsp; (0)| 00:00:01 |<br />
|*&nbsp; 2 |&nbsp;&nbsp; TABLE ACCESS FULL| EMPLOYEES&nbsp;&nbsp;&nbsp;&nbsp;&nbsp;&nbsp;&nbsp;&nbsp; |&nbsp;&nbsp; 103 |&nbsp; 7107 |&nbsp;&nbsp;&nbsp;&nbsp; 3&nbsp;&nbsp; (0)| 00:00:01 |<br />
|*&nbsp; 3 |&nbsp;&nbsp; INDEX RANGE SCAN | EMP_DEPARTMENT_IX |&nbsp;&nbsp;&nbsp; 31 |&nbsp;&nbsp;&nbsp; 93 |&nbsp;&nbsp;&nbsp;&nbsp; 0&nbsp;&nbsp; (0)| 00:00:01 |<br />
----------------------------------------------------------------------------------------</p>
<p>Predicate Information (identified by operation id):<br />
---------------------------------------------------</p>
<p>&nbsp;&nbsp; 2 - filter("A"."SALARY"&gt;3000)<br />
&nbsp;&nbsp; 3 - access("A"."DEPARTMENT_ID"="DEPARTMENT_ID"(+))</p>
<p>-- 使用NO_MERGE防止视图被重写<br />
SQL&gt; select * from EMPLOYEES a,<br />
&nbsp; 2&nbsp; (select /*+ NO_MERGE */DEPARTMENT_ID from EMPLOYEES) b_view<br />
&nbsp; 3&nbsp; where a.DEPARTMENT_ID = b_view.DEPARTMENT_ID(+)<br />
&nbsp; 4&nbsp; and a.SALARY &gt; 3000;</p>
<p>Execution Plan<br />
----------------------------------------------------------<br />
Plan hash value: 1526679670</p>
<p>-----------------------------------------------------------------------------------<br />
| Id&nbsp; | Operation&nbsp;&nbsp;&nbsp;&nbsp;&nbsp;&nbsp;&nbsp;&nbsp;&nbsp;&nbsp;&nbsp;&nbsp; | Name&nbsp;&nbsp;&nbsp;&nbsp;&nbsp; | Rows&nbsp; | Bytes | Cost (%CPU)| Time&nbsp;&nbsp;&nbsp;&nbsp; |<br />
-----------------------------------------------------------------------------------<br />
|&nbsp;&nbsp; 0 | SELECT STATEMENT&nbsp;&nbsp;&nbsp;&nbsp;&nbsp; |&nbsp;&nbsp;&nbsp;&nbsp;&nbsp;&nbsp;&nbsp;&nbsp;&nbsp;&nbsp; |&nbsp; 3161 |&nbsp;&nbsp; 253K|&nbsp;&nbsp;&nbsp;&nbsp; 7&nbsp; (15)| 00:00:01 |<br />
|*&nbsp; 1 |&nbsp; HASH JOIN RIGHT OUTER|&nbsp;&nbsp;&nbsp;&nbsp;&nbsp;&nbsp;&nbsp;&nbsp;&nbsp;&nbsp; |&nbsp; 3161 |&nbsp;&nbsp; 253K|&nbsp;&nbsp;&nbsp;&nbsp; 7&nbsp; (15)| 00:00:01 |<br />
|&nbsp;&nbsp; 2 |&nbsp;&nbsp; VIEW&nbsp;&nbsp;&nbsp;&nbsp;&nbsp;&nbsp;&nbsp;&nbsp;&nbsp;&nbsp;&nbsp;&nbsp;&nbsp;&nbsp;&nbsp; |&nbsp;&nbsp;&nbsp;&nbsp;&nbsp;&nbsp;&nbsp;&nbsp;&nbsp;&nbsp; |&nbsp;&nbsp; 107 |&nbsp; 1391 |&nbsp;&nbsp;&nbsp;&nbsp; 3&nbsp;&nbsp; (0)| 00:00:01 |<br />
|&nbsp;&nbsp; 3 |&nbsp;&nbsp;&nbsp; TABLE ACCESS FULL&nbsp; | EMPLOYEES |&nbsp;&nbsp; 107 |&nbsp;&nbsp; 321 |&nbsp;&nbsp;&nbsp;&nbsp; 3&nbsp;&nbsp; (0)| 00:00:01 |<br />
|*&nbsp; 4 |&nbsp;&nbsp; TABLE ACCESS FULL&nbsp;&nbsp; | EMPLOYEES |&nbsp;&nbsp; 103 |&nbsp; 7107 |&nbsp;&nbsp;&nbsp;&nbsp; 3&nbsp;&nbsp; (0)| 00:00:01 |<br />
-----------------------------------------------------------------------------------</p>
<p>Predicate Information (identified by operation id):<br />
---------------------------------------------------</p>
<p>&nbsp;&nbsp; 1 - access("A"."DEPARTMENT_ID"="B_VIEW"."DEPARTMENT_ID"(+))<br />
&nbsp;&nbsp; 4 - filter("A"."SALARY"&gt;3000)<br />
</div></p>
<p>出于某些情况，视图合并会被禁止或限制，如果在一个查询块中使用了分析函数，聚合函数，，集合运算（如union，intersect，minux），order by子句，以及rownum中的任何一种，这种情况都会发生；尽管如此，我们仍然可以使用/*+ MERGE(v) */提示来强制使用视图合并，不过前提一定要保证返回的结果集是一致的！！！如下例：</p>
<p><div class="codetitle"><span><a style="CURSOR: pointer" data="73393" class="copybut" id="copybut73393" onclick="doCopy('code73393')"><U>复制代码</U></a></span> 代码如下:</div><div class="codebody" id="code73393"><br />
SQL&gt; set autotrace on<br />
-- 使用聚合函数avg导致视图合并失效<br />
SQL&gt; SELECT e1.last_name, e1.salary, v.avg_salary<br />
&nbsp; 2&nbsp; FROM hr.employees e1,<br />
&nbsp; 3&nbsp; (SELECT department_id, avg(salary) avg_salary<br />
&nbsp; 4&nbsp; FROM hr.employees e2<br />
&nbsp; 5&nbsp; GROUP BY department_id) v<br />
&nbsp; 6&nbsp; WHERE e1.department_id = v.department_id AND e1.salary &gt; v.avg_salary;</p>
<p>Execution Plan<br />
----------------------------------------------------------<br />
Plan hash value: 2695105989</p>
<p>----------------------------------------------------------------------------------<br />
| Id&nbsp; | Operation&nbsp;&nbsp;&nbsp;&nbsp;&nbsp;&nbsp;&nbsp;&nbsp;&nbsp;&nbsp;&nbsp; | Name&nbsp;&nbsp;&nbsp;&nbsp;&nbsp; | Rows&nbsp; | Bytes | Cost (%CPU)| Time&nbsp;&nbsp;&nbsp;&nbsp; |<br />
----------------------------------------------------------------------------------<br />
|&nbsp;&nbsp; 0 | SELECT STATEMENT&nbsp;&nbsp;&nbsp;&nbsp; |&nbsp;&nbsp;&nbsp;&nbsp;&nbsp;&nbsp;&nbsp;&nbsp;&nbsp;&nbsp; |&nbsp;&nbsp;&nbsp; 17 |&nbsp;&nbsp; 697 |&nbsp;&nbsp;&nbsp;&nbsp; 8&nbsp; (25)| 00:00:01 |<br />
|*&nbsp; 1 |&nbsp; HASH JOIN&nbsp;&nbsp;&nbsp;&nbsp;&nbsp;&nbsp;&nbsp;&nbsp;&nbsp;&nbsp; |&nbsp;&nbsp;&nbsp;&nbsp;&nbsp;&nbsp;&nbsp;&nbsp;&nbsp;&nbsp; |&nbsp;&nbsp;&nbsp; 17 |&nbsp;&nbsp; 697 |&nbsp;&nbsp;&nbsp;&nbsp; 8&nbsp; (25)| 00:00:01 |<br />
|&nbsp;&nbsp; 2 |&nbsp;&nbsp; VIEW&nbsp;&nbsp;&nbsp;&nbsp;&nbsp;&nbsp;&nbsp;&nbsp;&nbsp;&nbsp;&nbsp;&nbsp;&nbsp;&nbsp; |&nbsp;&nbsp;&nbsp;&nbsp;&nbsp;&nbsp;&nbsp;&nbsp;&nbsp;&nbsp; |&nbsp;&nbsp;&nbsp; 11 |&nbsp;&nbsp; 286 |&nbsp;&nbsp;&nbsp;&nbsp; 4&nbsp; (25)| 00:00:01 |<br />
|&nbsp;&nbsp; 3 |&nbsp;&nbsp;&nbsp; HASH GROUP BY&nbsp;&nbsp;&nbsp;&nbsp; |&nbsp;&nbsp;&nbsp;&nbsp;&nbsp;&nbsp;&nbsp;&nbsp;&nbsp;&nbsp; |&nbsp;&nbsp;&nbsp; 11 |&nbsp;&nbsp;&nbsp; 77 |&nbsp;&nbsp;&nbsp;&nbsp; 4&nbsp; (25)| 00:00:01 |<br />
|&nbsp;&nbsp; 4 |&nbsp;&nbsp;&nbsp;&nbsp; TABLE ACCESS FULL| EMPLOYEES |&nbsp;&nbsp; 107 |&nbsp;&nbsp; 749 |&nbsp;&nbsp;&nbsp;&nbsp; 3&nbsp;&nbsp; (0)| 00:00:01 |<br />
|&nbsp;&nbsp; 5 |&nbsp;&nbsp; TABLE ACCESS FULL&nbsp; | EMPLOYEES |&nbsp;&nbsp; 107 |&nbsp; 1605 |&nbsp;&nbsp;&nbsp;&nbsp; 3&nbsp;&nbsp; (0)| 00:00:01 |<br />
----------------------------------------------------------------------------------</p>
<p>Predicate Information (identified by operation id):<br />
---------------------------------------------------</p>
<p>&nbsp;&nbsp; 1 - access("E1"."DEPARTMENT_ID"="V"."DEPARTMENT_ID")<br />
&nbsp;&nbsp;&nbsp;&nbsp;&nbsp;&nbsp; filter("E1"."SALARY"&gt;"V"."AVG_SALARY")</p>
<p>--使用/*+ MERGE(v) */强制进行视图合并<br />
SQL&gt; SELECT /*+ MERGE(v) */ e1.last_name, e1.salary, v.avg_salary<br />
&nbsp; 2&nbsp; FROM hr.employees e1,<br />
&nbsp; 3&nbsp; (SELECT department_id, avg(salary) avg_salary<br />
&nbsp; 4&nbsp; FROM hr.employees e2<br />
&nbsp; 5&nbsp; GROUP BY department_id) v<br />
&nbsp; 6&nbsp; WHERE e1.department_id = v.department_id AND e1.salary &gt; v.avg_salary;</p>
<p>Execution Plan<br />
----------------------------------------------------------<br />
Plan hash value: 3553954154</p>
<p>----------------------------------------------------------------------------------<br />
| Id&nbsp; | Operation&nbsp;&nbsp;&nbsp;&nbsp;&nbsp;&nbsp;&nbsp;&nbsp;&nbsp;&nbsp;&nbsp; | Name&nbsp;&nbsp;&nbsp;&nbsp;&nbsp; | Rows&nbsp; | Bytes | Cost (%CPU)| Time&nbsp;&nbsp;&nbsp;&nbsp; |<br />
----------------------------------------------------------------------------------<br />
|&nbsp;&nbsp; 0 | SELECT STATEMENT&nbsp;&nbsp;&nbsp;&nbsp; |&nbsp;&nbsp;&nbsp;&nbsp;&nbsp;&nbsp;&nbsp;&nbsp;&nbsp;&nbsp; |&nbsp;&nbsp; 165 |&nbsp; 5610 |&nbsp;&nbsp;&nbsp;&nbsp; 8&nbsp; (25)| 00:00:01 |<br />
|*&nbsp; 1 |&nbsp; FILTER&nbsp;&nbsp;&nbsp;&nbsp;&nbsp;&nbsp;&nbsp;&nbsp;&nbsp;&nbsp;&nbsp;&nbsp;&nbsp; |&nbsp;&nbsp;&nbsp;&nbsp;&nbsp;&nbsp;&nbsp;&nbsp;&nbsp;&nbsp; |&nbsp;&nbsp;&nbsp;&nbsp;&nbsp;&nbsp; |&nbsp;&nbsp;&nbsp;&nbsp;&nbsp;&nbsp; |&nbsp;&nbsp;&nbsp;&nbsp;&nbsp;&nbsp;&nbsp;&nbsp;&nbsp;&nbsp;&nbsp; |&nbsp;&nbsp;&nbsp;&nbsp;&nbsp;&nbsp;&nbsp;&nbsp;&nbsp; |<br />
|&nbsp;&nbsp; 2 |&nbsp;&nbsp; HASH GROUP BY&nbsp;&nbsp;&nbsp;&nbsp;&nbsp; |&nbsp;&nbsp;&nbsp;&nbsp;&nbsp;&nbsp;&nbsp;&nbsp;&nbsp;&nbsp; |&nbsp;&nbsp; 165 |&nbsp; 5610 |&nbsp;&nbsp;&nbsp;&nbsp; 8&nbsp; (25)| 00:00:01 |<br />
|*&nbsp; 3 |&nbsp;&nbsp;&nbsp; HASH JOIN&nbsp;&nbsp;&nbsp;&nbsp;&nbsp;&nbsp;&nbsp;&nbsp; |&nbsp;&nbsp;&nbsp;&nbsp;&nbsp;&nbsp;&nbsp;&nbsp;&nbsp;&nbsp; |&nbsp; 3296 |&nbsp;&nbsp; 109K|&nbsp;&nbsp;&nbsp;&nbsp; 7&nbsp; (15)| 00:00:01 |<br />
|&nbsp;&nbsp; 4 |&nbsp;&nbsp;&nbsp;&nbsp; TABLE ACCESS FULL| EMPLOYEES |&nbsp;&nbsp; 107 |&nbsp; 2889 |&nbsp;&nbsp;&nbsp;&nbsp; 3&nbsp;&nbsp; (0)| 00:00:01 |<br />
|&nbsp;&nbsp; 5 |&nbsp;&nbsp;&nbsp;&nbsp; TABLE ACCESS FULL| EMPLOYEES |&nbsp;&nbsp; 107 |&nbsp;&nbsp; 749 |&nbsp;&nbsp;&nbsp;&nbsp; 3&nbsp;&nbsp; (0)| 00:00:01 |<br />
----------------------------------------------------------------------------------<br />
</div></p>
<p><strong>二、子查询解嵌套</strong></p>
<p>最典型的就是子查询转变为表连接了，它和视图合并的主要区别就在于它的子查询位于where子句，由转换器进行解嵌套的检测。</p>
<p>下面便是一个子查询==&gt;表连接的例子：<br />
<div class="codetitle"><span><a style="CURSOR: pointer" data="12914" class="copybut" id="copybut12914" onclick="doCopy('code12914')"><U>复制代码</U></a></span> 代码如下:</div><div class="codebody" id="code12914"><br />
SQL&gt; select employee_id, last_name, salary, department_id<br />
&nbsp; 2&nbsp; from hr.employees<br />
&nbsp; 3&nbsp; where department_id in<br />
&nbsp; 4&nbsp; (select department_id<br />
&nbsp; 5&nbsp; from hr.departments where location_id &gt; 1700);</p>
<p>Execution Plan<br />
----------------------------------------------------------<br />
Plan hash value: 432925905</p>
<p>---------------------------------------------------------------------------------------------------<br />
| Id&nbsp; | Operation&nbsp;&nbsp;&nbsp;&nbsp;&nbsp;&nbsp;&nbsp;&nbsp;&nbsp;&nbsp;&nbsp;&nbsp;&nbsp;&nbsp;&nbsp;&nbsp;&nbsp;&nbsp;&nbsp;&nbsp; | Name&nbsp;&nbsp;&nbsp;&nbsp;&nbsp;&nbsp;&nbsp;&nbsp;&nbsp;&nbsp;&nbsp;&nbsp;&nbsp; | Rows&nbsp; | Bytes | Cost (%CPU)| Time&nbsp;&nbsp;&nbsp;&nbsp; |<br />
---------------------------------------------------------------------------------------------------<br />
|&nbsp;&nbsp; 0 | SELECT STATEMENT&nbsp;&nbsp;&nbsp;&nbsp;&nbsp;&nbsp;&nbsp;&nbsp;&nbsp;&nbsp;&nbsp;&nbsp;&nbsp; |&nbsp;&nbsp;&nbsp;&nbsp;&nbsp;&nbsp;&nbsp;&nbsp;&nbsp;&nbsp;&nbsp;&nbsp;&nbsp;&nbsp;&nbsp;&nbsp;&nbsp;&nbsp; |&nbsp;&nbsp;&nbsp; 34 |&nbsp;&nbsp; 884 |&nbsp;&nbsp;&nbsp;&nbsp; 4&nbsp;&nbsp; (0)| 00:00:01 |<br />
|&nbsp;&nbsp; 1 |&nbsp; NESTED LOOPS&nbsp;&nbsp;&nbsp;&nbsp;&nbsp;&nbsp;&nbsp;&nbsp;&nbsp;&nbsp;&nbsp;&nbsp;&nbsp;&nbsp;&nbsp;&nbsp; |&nbsp;&nbsp;&nbsp;&nbsp;&nbsp;&nbsp;&nbsp;&nbsp;&nbsp;&nbsp;&nbsp;&nbsp;&nbsp;&nbsp;&nbsp;&nbsp;&nbsp;&nbsp; |&nbsp;&nbsp;&nbsp;&nbsp;&nbsp;&nbsp; |&nbsp;&nbsp;&nbsp;&nbsp;&nbsp;&nbsp; |&nbsp;&nbsp;&nbsp;&nbsp;&nbsp;&nbsp;&nbsp;&nbsp;&nbsp;&nbsp;&nbsp; |&nbsp;&nbsp;&nbsp;&nbsp;&nbsp;&nbsp;&nbsp;&nbsp;&nbsp; |<br />
|&nbsp;&nbsp; 2 |&nbsp;&nbsp; NESTED LOOPS&nbsp;&nbsp;&nbsp;&nbsp;&nbsp;&nbsp;&nbsp;&nbsp;&nbsp;&nbsp;&nbsp;&nbsp;&nbsp;&nbsp;&nbsp; |&nbsp;&nbsp;&nbsp;&nbsp;&nbsp;&nbsp;&nbsp;&nbsp;&nbsp;&nbsp;&nbsp;&nbsp;&nbsp;&nbsp;&nbsp;&nbsp;&nbsp;&nbsp; |&nbsp;&nbsp;&nbsp; 34 |&nbsp;&nbsp; 884 |&nbsp;&nbsp;&nbsp;&nbsp; 4&nbsp;&nbsp; (0)| 00:00:01 |<br />
|&nbsp;&nbsp; 3 |&nbsp;&nbsp;&nbsp; TABLE ACCESS BY INDEX ROWID| DEPARTMENTS&nbsp;&nbsp;&nbsp;&nbsp;&nbsp;&nbsp; |&nbsp;&nbsp;&nbsp;&nbsp; 4 |&nbsp;&nbsp;&nbsp; 28 |&nbsp;&nbsp;&nbsp;&nbsp; 2&nbsp;&nbsp; (0)| 00:00:01 |<br />
|*&nbsp; 4 |&nbsp;&nbsp;&nbsp;&nbsp; INDEX RANGE SCAN&nbsp;&nbsp;&nbsp;&nbsp;&nbsp;&nbsp;&nbsp;&nbsp;&nbsp; | DEPT_LOCATION_IX&nbsp; |&nbsp;&nbsp;&nbsp;&nbsp; 4 |&nbsp;&nbsp;&nbsp;&nbsp;&nbsp;&nbsp; |&nbsp;&nbsp;&nbsp;&nbsp; 1&nbsp;&nbsp; (0)| 00:00:01 |<br />
|*&nbsp; 5 |&nbsp;&nbsp;&nbsp; INDEX RANGE SCAN&nbsp;&nbsp;&nbsp;&nbsp;&nbsp;&nbsp;&nbsp;&nbsp;&nbsp;&nbsp; | EMP_DEPARTMENT_IX |&nbsp;&nbsp;&nbsp; 10 |&nbsp;&nbsp;&nbsp;&nbsp;&nbsp;&nbsp; |&nbsp;&nbsp;&nbsp;&nbsp; 0&nbsp;&nbsp; (0)| 00:00:01 |<br />
|&nbsp;&nbsp; 6 |&nbsp;&nbsp; TABLE ACCESS BY INDEX ROWID | EMPLOYEES&nbsp;&nbsp;&nbsp;&nbsp;&nbsp;&nbsp;&nbsp;&nbsp; |&nbsp;&nbsp;&nbsp; 10 |&nbsp;&nbsp; 190 |&nbsp;&nbsp;&nbsp;&nbsp; 1&nbsp;&nbsp; (0)| 00:00:01 |<br />
---------------------------------------------------------------------------------------------------</p>
<p>Predicate Information (identified by operation id):<br />
---------------------------------------------------</p>
<p>&nbsp;&nbsp; 4 - access("LOCATION_ID"&gt;1700)<br />
&nbsp;&nbsp; 5 - access("DEPARTMENT_ID"="DEPARTMENT_ID")</p>
<p>-- 使用/*+ NO_UNNEST */强制为子查询单独生成执行计划<br />
SQL&gt; select employee_id, last_name, salary, department_id<br />
&nbsp; 2&nbsp; from hr.employees<br />
&nbsp; 3&nbsp; where department_id in<br />
&nbsp; 4&nbsp; (select /*+ NO_UNNEST */department_id<br />
&nbsp; 5&nbsp; from hr.departments where location_id &gt; 1700);</p>
<p>Execution Plan<br />
----------------------------------------------------------<br />
Plan hash value: 4233807898</p>
<p>--------------------------------------------------------------------------------------------<br />
| Id&nbsp; | Operation&nbsp;&nbsp;&nbsp;&nbsp;&nbsp;&nbsp;&nbsp;&nbsp;&nbsp;&nbsp;&nbsp;&nbsp;&nbsp;&nbsp;&nbsp;&nbsp;&nbsp;&nbsp;&nbsp; | Name&nbsp;&nbsp;&nbsp;&nbsp;&nbsp;&nbsp;&nbsp; | Rows&nbsp; | Bytes | Cost (%CPU)| Time&nbsp;&nbsp;&nbsp;&nbsp; |<br />
--------------------------------------------------------------------------------------------<br />
|&nbsp;&nbsp; 0 | SELECT STATEMENT&nbsp;&nbsp;&nbsp;&nbsp;&nbsp;&nbsp;&nbsp;&nbsp;&nbsp;&nbsp;&nbsp;&nbsp; |&nbsp;&nbsp;&nbsp;&nbsp;&nbsp;&nbsp;&nbsp;&nbsp;&nbsp;&nbsp;&nbsp;&nbsp; |&nbsp;&nbsp;&nbsp; 10 |&nbsp;&nbsp; 190 |&nbsp;&nbsp;&nbsp; 14&nbsp;&nbsp; (0)| 00:00:01 |<br />
|*&nbsp; 1 |&nbsp; FILTER&nbsp;&nbsp;&nbsp;&nbsp;&nbsp;&nbsp;&nbsp;&nbsp;&nbsp;&nbsp;&nbsp;&nbsp;&nbsp;&nbsp;&nbsp;&nbsp;&nbsp;&nbsp;&nbsp;&nbsp;&nbsp; |&nbsp;&nbsp;&nbsp;&nbsp;&nbsp;&nbsp;&nbsp;&nbsp;&nbsp;&nbsp;&nbsp;&nbsp; |&nbsp;&nbsp;&nbsp;&nbsp;&nbsp;&nbsp; |&nbsp;&nbsp;&nbsp;&nbsp;&nbsp;&nbsp; |&nbsp;&nbsp;&nbsp;&nbsp;&nbsp;&nbsp;&nbsp;&nbsp;&nbsp;&nbsp;&nbsp; |&nbsp;&nbsp;&nbsp;&nbsp;&nbsp;&nbsp;&nbsp;&nbsp;&nbsp; |<br />
|&nbsp;&nbsp; 2 |&nbsp;&nbsp; TABLE ACCESS FULL&nbsp;&nbsp;&nbsp;&nbsp;&nbsp;&nbsp;&nbsp;&nbsp;&nbsp; | EMPLOYEES&nbsp;&nbsp; |&nbsp;&nbsp; 107 |&nbsp; 2033 |&nbsp;&nbsp;&nbsp;&nbsp; 3&nbsp;&nbsp; (0)| 00:00:01 |<br />
|*&nbsp; 3 |&nbsp;&nbsp; TABLE ACCESS BY INDEX ROWID| DEPARTMENTS |&nbsp;&nbsp;&nbsp;&nbsp; 1 |&nbsp;&nbsp;&nbsp;&nbsp; 7 |&nbsp;&nbsp;&nbsp;&nbsp; 1&nbsp;&nbsp; (0)| 00:00:01 |<br />
|*&nbsp; 4 |&nbsp;&nbsp;&nbsp; INDEX UNIQUE SCAN&nbsp;&nbsp;&nbsp;&nbsp;&nbsp;&nbsp;&nbsp;&nbsp; | DEPT_ID_PK&nbsp; |&nbsp;&nbsp;&nbsp;&nbsp; 1 |&nbsp;&nbsp;&nbsp;&nbsp;&nbsp;&nbsp; |&nbsp;&nbsp;&nbsp;&nbsp; 0&nbsp;&nbsp; (0)| 00:00:01 |<br />
--------------------------------------------------------------------------------------------</p>
<p>Predicate Information (identified by operation id):<br />
---------------------------------------------------</p>
<p>&nbsp;&nbsp; 1 - filter( EXISTS (SELECT /*+ NO_UNNEST */ 0 FROM "HR"."DEPARTMENTS"<br />
&nbsp;&nbsp;&nbsp;&nbsp;&nbsp;&nbsp;&nbsp;&nbsp;&nbsp;&nbsp;&nbsp;&nbsp;&nbsp; "DEPARTMENTS" WHERE "DEPARTMENT_ID"=:B1 AND "LOCATION_ID"&gt;1700))<br />
&nbsp;&nbsp; 3 - filter("LOCATION_ID"&gt;1700)<br />
&nbsp;&nbsp; 4 - access("DEPARTMENT_ID"=:B1)<br />
</div><br />
可以看到没有执行子查询解嵌套的查询只使用了FILTER来进行两张表的匹配，谓语信息第一步的查询也没有丝毫的改动，这便意味着对于EMPLOYEES表中返回的107行的每一行，都需要执行一次子查询。虽然在oracle中存在子查询缓存的优化，我们无法判断这两种计划的优劣，不过相比NESTED LOOPS，FILTER运算的劣势是很明显的。</p>
<p>如果包含相关子查询，解嵌套过程一般会将相关子查询转换成一个非嵌套视图，然后与主查询中的表x相联结，如：<br />
<div class="codetitle"><span><a style="CURSOR: pointer" data="94351" class="copybut" id="copybut94351" onclick="doCopy('code94351')"><U>复制代码</U></a></span> 代码如下:</div><div class="codebody" id="code94351"><br />
SQL&gt; select outer.employee_id, outer.last_name, outer.salary, outer.department_id<br />
&nbsp; 2&nbsp; from hr.employees outer<br />
&nbsp; 3&nbsp; where outer.salary &gt;<br />
&nbsp; 4&nbsp; (select avg(inner.salary)<br />
&nbsp; 5&nbsp; from hr.employees inner<br />
&nbsp; 6&nbsp; where inner.department_id = outer.department_id);</p>
<p>Execution Plan<br />
----------------------------------------------------------<br />
Plan hash value: 2167610409</p>
<p>----------------------------------------------------------------------------------<br />
| Id&nbsp; | Operation&nbsp;&nbsp;&nbsp;&nbsp;&nbsp;&nbsp;&nbsp;&nbsp;&nbsp;&nbsp;&nbsp; | Name&nbsp;&nbsp;&nbsp;&nbsp;&nbsp; | Rows&nbsp; | Bytes | Cost (%CPU)| Time&nbsp;&nbsp;&nbsp;&nbsp; |<br />
----------------------------------------------------------------------------------<br />
|&nbsp;&nbsp; 0 | SELECT STATEMENT&nbsp;&nbsp;&nbsp;&nbsp; |&nbsp;&nbsp;&nbsp;&nbsp;&nbsp;&nbsp;&nbsp;&nbsp;&nbsp;&nbsp; |&nbsp;&nbsp;&nbsp; 17 |&nbsp;&nbsp; 765 |&nbsp;&nbsp;&nbsp;&nbsp; 8&nbsp; (25)| 00:00:01 |<br />
|*&nbsp; 1 |&nbsp; HASH JOIN&nbsp;&nbsp;&nbsp;&nbsp;&nbsp;&nbsp;&nbsp;&nbsp;&nbsp;&nbsp; |&nbsp;&nbsp;&nbsp;&nbsp;&nbsp;&nbsp;&nbsp;&nbsp;&nbsp;&nbsp; |&nbsp;&nbsp;&nbsp; 17 |&nbsp;&nbsp; 765 |&nbsp;&nbsp;&nbsp;&nbsp; 8&nbsp; (25)| 00:00:01 |<br />
|&nbsp;&nbsp; 2 |&nbsp;&nbsp; VIEW&nbsp;&nbsp;&nbsp;&nbsp;&nbsp;&nbsp;&nbsp;&nbsp;&nbsp;&nbsp;&nbsp;&nbsp;&nbsp;&nbsp; | VW_SQ_1&nbsp;&nbsp; |&nbsp;&nbsp;&nbsp; 11 |&nbsp;&nbsp; 286 |&nbsp;&nbsp;&nbsp;&nbsp; 4&nbsp; (25)| 00:00:01 |<br />
|&nbsp;&nbsp; 3 |&nbsp;&nbsp;&nbsp; HASH GROUP BY&nbsp;&nbsp;&nbsp;&nbsp; |&nbsp;&nbsp;&nbsp;&nbsp;&nbsp;&nbsp;&nbsp;&nbsp;&nbsp;&nbsp; |&nbsp;&nbsp;&nbsp; 11 |&nbsp;&nbsp;&nbsp; 77 |&nbsp;&nbsp;&nbsp;&nbsp; 4&nbsp; (25)| 00:00:01 |<br />
|&nbsp;&nbsp; 4 |&nbsp;&nbsp;&nbsp;&nbsp; TABLE ACCESS FULL| EMPLOYEES |&nbsp;&nbsp; 107 |&nbsp;&nbsp; 749 |&nbsp;&nbsp;&nbsp;&nbsp; 3&nbsp;&nbsp; (0)| 00:00:01 |<br />
|&nbsp;&nbsp; 5 |&nbsp;&nbsp; TABLE ACCESS FULL&nbsp; | EMPLOYEES |&nbsp;&nbsp; 107 |&nbsp; 2033 |&nbsp;&nbsp;&nbsp;&nbsp; 3&nbsp;&nbsp; (0)| 00:00:01 |<br />
----------------------------------------------------------------------------------</p>
<p>Predicate Information (identified by operation id):<br />
---------------------------------------------------</p>
<p>&nbsp;&nbsp; 1 - access("ITEM_1"="OUTER"."DEPARTMENT_ID")<br />
&nbsp;&nbsp;&nbsp;&nbsp;&nbsp;&nbsp; filter("OUTER"."SALARY"&gt;"AVG(INNER.SALARY)")<br />
</div></p>
<p>上面的查询是将子查询转换成视图在与主查询进行hash join，转换后的查询其实像这样：</p>
<p><div class="codetitle"><span><a style="CURSOR: pointer" data="76598" class="copybut" id="copybut76598" onclick="doCopy('code76598')"><U>复制代码</U></a></span> 代码如下:</div><div class="codebody" id="code76598"><br />
SQL&gt; select outer.employee_id, outer.last_name, outer.salary, outer.department_id<br />
&nbsp; 2&nbsp; from hr.employees outer,<br />
&nbsp; 3&nbsp; (select department_id,avg(salary) avg_sal from hr.employees group by department_id) inner<br />
&nbsp; 4&nbsp; where inner.department_id = outer.department_id and outer.salary &gt; inner.avg_sal;<br />
</div></p>
<p>其实这两个语句的执行计划也是一致</p>
<p><strong>三、谓语前推</strong></p>
<p>将谓词从内部查询块推进到一个不可合并的查询块中，这样可以使得谓词条件更早的被选择，更早的过滤掉不需要的数据行，提高效率，同样可以使用这种方式允许某些索引的使用。</p>
<p><div class="codetitle"><span><a style="CURSOR: pointer" data="3301" class="copybut" id="copybut3301" onclick="doCopy('code3301')"><U>复制代码</U></a></span> 代码如下:</div><div class="codebody" id="code3301"><br />
-- 谓语前推示例<br />
SQL&gt; set autotrace traceonly explain<br />
SQL&gt; SELECT e1.last_name, e1.salary, v.avg_salary<br />
&nbsp; 2&nbsp; FROM hr.employees e1,<br />
&nbsp; 3&nbsp; (SELECT department_id, avg(salary) avg_salary<br />
&nbsp; 4&nbsp; FROM hr.employees e2<br />
&nbsp; 5&nbsp; GROUP BY department_id) v<br />
&nbsp; 6&nbsp; WHERE e1.department_id = v.department_id<br />
&nbsp; 7&nbsp; AND e1.salary &gt; v.avg_salary<br />
&nbsp; 8&nbsp; AND e1.department_id = 60;</p>
<p>Execution Plan<br />
----------------------------------------------------------<br />
Plan hash value: 3521487559</p>
<p>-----------------------------------------------------------------------------------------------------<br />
| Id&nbsp; | Operation&nbsp;&nbsp;&nbsp;&nbsp;&nbsp;&nbsp;&nbsp;&nbsp;&nbsp;&nbsp;&nbsp;&nbsp;&nbsp;&nbsp;&nbsp;&nbsp;&nbsp;&nbsp;&nbsp;&nbsp;&nbsp;&nbsp; | Name&nbsp;&nbsp;&nbsp;&nbsp;&nbsp;&nbsp;&nbsp;&nbsp;&nbsp;&nbsp;&nbsp;&nbsp;&nbsp; | Rows&nbsp; | Bytes | Cost (%CPU)| Time&nbsp;&nbsp;&nbsp;&nbsp; |<br />
-----------------------------------------------------------------------------------------------------<br />
|&nbsp;&nbsp; 0 | SELECT STATEMENT&nbsp;&nbsp;&nbsp;&nbsp;&nbsp;&nbsp;&nbsp;&nbsp;&nbsp;&nbsp;&nbsp;&nbsp;&nbsp;&nbsp;&nbsp; |&nbsp;&nbsp;&nbsp;&nbsp;&nbsp;&nbsp;&nbsp;&nbsp;&nbsp;&nbsp;&nbsp;&nbsp;&nbsp;&nbsp;&nbsp;&nbsp;&nbsp;&nbsp; |&nbsp;&nbsp;&nbsp;&nbsp; 1 |&nbsp;&nbsp;&nbsp; 41 |&nbsp;&nbsp;&nbsp;&nbsp; 3&nbsp;&nbsp; (0)| 00:00:01 |<br />
|&nbsp;&nbsp; 1 |&nbsp; NESTED LOOPS&nbsp;&nbsp;&nbsp;&nbsp;&nbsp;&nbsp;&nbsp;&nbsp;&nbsp;&nbsp;&nbsp;&nbsp;&nbsp;&nbsp;&nbsp;&nbsp;&nbsp;&nbsp; |&nbsp;&nbsp;&nbsp;&nbsp;&nbsp;&nbsp;&nbsp;&nbsp;&nbsp;&nbsp;&nbsp;&nbsp;&nbsp;&nbsp;&nbsp;&nbsp;&nbsp;&nbsp; |&nbsp;&nbsp;&nbsp;&nbsp;&nbsp;&nbsp; |&nbsp;&nbsp;&nbsp;&nbsp;&nbsp;&nbsp; |&nbsp;&nbsp;&nbsp;&nbsp;&nbsp;&nbsp;&nbsp;&nbsp;&nbsp;&nbsp;&nbsp; |&nbsp;&nbsp;&nbsp;&nbsp;&nbsp;&nbsp;&nbsp;&nbsp;&nbsp; |<br />
|&nbsp;&nbsp; 2 |&nbsp;&nbsp; NESTED LOOPS&nbsp;&nbsp;&nbsp;&nbsp;&nbsp;&nbsp;&nbsp;&nbsp;&nbsp;&nbsp;&nbsp;&nbsp;&nbsp;&nbsp;&nbsp;&nbsp;&nbsp; |&nbsp;&nbsp;&nbsp;&nbsp;&nbsp;&nbsp;&nbsp;&nbsp;&nbsp;&nbsp;&nbsp;&nbsp;&nbsp;&nbsp;&nbsp;&nbsp;&nbsp;&nbsp; |&nbsp;&nbsp;&nbsp;&nbsp; 1 |&nbsp;&nbsp;&nbsp; 41 |&nbsp;&nbsp;&nbsp;&nbsp; 3&nbsp;&nbsp; (0)| 00:00:01 |<br />
|&nbsp;&nbsp; 3 |&nbsp;&nbsp;&nbsp; VIEW&nbsp;&nbsp;&nbsp;&nbsp;&nbsp;&nbsp;&nbsp;&nbsp;&nbsp;&nbsp;&nbsp;&nbsp;&nbsp;&nbsp;&nbsp;&nbsp;&nbsp;&nbsp;&nbsp;&nbsp;&nbsp;&nbsp;&nbsp;&nbsp; |&nbsp;&nbsp;&nbsp;&nbsp;&nbsp;&nbsp;&nbsp;&nbsp;&nbsp;&nbsp;&nbsp;&nbsp;&nbsp;&nbsp;&nbsp;&nbsp;&nbsp;&nbsp; |&nbsp;&nbsp;&nbsp;&nbsp; 1 |&nbsp;&nbsp;&nbsp; 26 |&nbsp;&nbsp;&nbsp;&nbsp; 2&nbsp;&nbsp; (0)| 00:00:01 |<br />
|&nbsp;&nbsp; 4 |&nbsp;&nbsp;&nbsp;&nbsp; HASH GROUP BY&nbsp;&nbsp;&nbsp;&nbsp;&nbsp;&nbsp;&nbsp;&nbsp;&nbsp;&nbsp;&nbsp;&nbsp;&nbsp;&nbsp; |&nbsp;&nbsp;&nbsp;&nbsp;&nbsp;&nbsp;&nbsp;&nbsp;&nbsp;&nbsp;&nbsp;&nbsp;&nbsp;&nbsp;&nbsp;&nbsp;&nbsp;&nbsp; |&nbsp;&nbsp;&nbsp;&nbsp; 1 |&nbsp;&nbsp;&nbsp;&nbsp; 7 |&nbsp;&nbsp;&nbsp;&nbsp; 2&nbsp;&nbsp; (0)| 00:00:01 |<br />
|&nbsp;&nbsp; 5 |&nbsp;&nbsp;&nbsp;&nbsp;&nbsp; TABLE ACCESS BY INDEX ROWID| EMPLOYEES&nbsp;&nbsp;&nbsp;&nbsp;&nbsp;&nbsp;&nbsp;&nbsp; |&nbsp;&nbsp;&nbsp;&nbsp; 5 |&nbsp;&nbsp;&nbsp; 35 |&nbsp;&nbsp;&nbsp;&nbsp; 2&nbsp;&nbsp; (0)| 00:00:01 |<br />
|*&nbsp; 6 |&nbsp;&nbsp;&nbsp;&nbsp;&nbsp;&nbsp; INDEX RANGE SCAN&nbsp;&nbsp;&nbsp;&nbsp;&nbsp;&nbsp;&nbsp;&nbsp;&nbsp; | EMP_DEPARTMENT_IX |&nbsp;&nbsp;&nbsp;&nbsp; 5 |&nbsp;&nbsp;&nbsp;&nbsp;&nbsp;&nbsp; |&nbsp;&nbsp;&nbsp;&nbsp; 1&nbsp;&nbsp; (0)| 00:00:01 |<br />
|*&nbsp; 7 |&nbsp;&nbsp;&nbsp; INDEX RANGE SCAN&nbsp;&nbsp;&nbsp;&nbsp;&nbsp;&nbsp;&nbsp;&nbsp;&nbsp;&nbsp;&nbsp;&nbsp; | EMP_DEPARTMENT_IX |&nbsp;&nbsp;&nbsp;&nbsp; 5 |&nbsp;&nbsp;&nbsp;&nbsp;&nbsp;&nbsp; |&nbsp;&nbsp;&nbsp;&nbsp; 0&nbsp;&nbsp; (0)| 00:00:01 |<br />
|*&nbsp; 8 |&nbsp;&nbsp; TABLE ACCESS BY INDEX ROWID&nbsp;&nbsp; | EMPLOYEES&nbsp;&nbsp;&nbsp;&nbsp;&nbsp;&nbsp;&nbsp;&nbsp; |&nbsp;&nbsp;&nbsp;&nbsp; 1 |&nbsp;&nbsp;&nbsp; 15 |&nbsp;&nbsp;&nbsp;&nbsp; 1&nbsp;&nbsp; (0)| 00:00:01 |<br />
-----------------------------------------------------------------------------------------------------</p>
<p>Predicate Information (identified by operation id):<br />
---------------------------------------------------</p>
<p>&nbsp;&nbsp; 6 - access("DEPARTMENT_ID"=60)<br />
&nbsp;&nbsp; 7 - access("E1"."DEPARTMENT_ID"=60)<br />
&nbsp;&nbsp; 8 - filter("E1"."SALARY"&gt;"V"."AVG_SALARY")</p>
<p>-- 不进行谓语前推<br />
SQL&gt; SELECT e1.last_name, e1.salary, v.avg_salary<br />
&nbsp; 2&nbsp; FROM hr.employees e1,<br />
&nbsp; 3&nbsp; (SELECT department_id, avg(salary) avg_salary<br />
&nbsp; 4&nbsp; FROM hr.employees e2<br />
&nbsp; 5&nbsp; WHERE rownum &gt; 1 -- rownum等于同时使用了no_merge和no_push_pred提示，这会同时禁用视图合并和谓语前推<br />
&nbsp; 6&nbsp; GROUP BY department_id) v<br />
&nbsp; 7&nbsp; WHERE e1.department_id = v.department_id<br />
&nbsp; 8&nbsp; AND e1.salary &gt; v.avg_salary<br />
&nbsp; 9&nbsp; AND e1.department_id = 60;</p>
<p>Execution Plan<br />
----------------------------------------------------------<br />
Plan hash value: 3834222907</p>
<p>--------------------------------------------------------------------------------------------------<br />
| Id&nbsp; | Operation&nbsp;&nbsp;&nbsp;&nbsp;&nbsp;&nbsp;&nbsp;&nbsp;&nbsp;&nbsp;&nbsp;&nbsp;&nbsp;&nbsp;&nbsp;&nbsp;&nbsp;&nbsp;&nbsp; | Name&nbsp;&nbsp;&nbsp;&nbsp;&nbsp;&nbsp;&nbsp;&nbsp;&nbsp;&nbsp;&nbsp;&nbsp;&nbsp; | Rows&nbsp; | Bytes | Cost (%CPU)| Time&nbsp;&nbsp;&nbsp;&nbsp; |<br />
--------------------------------------------------------------------------------------------------<br />
|&nbsp;&nbsp; 0 | SELECT STATEMENT&nbsp;&nbsp;&nbsp;&nbsp;&nbsp;&nbsp;&nbsp;&nbsp;&nbsp;&nbsp;&nbsp;&nbsp; |&nbsp;&nbsp;&nbsp;&nbsp;&nbsp;&nbsp;&nbsp;&nbsp;&nbsp;&nbsp;&nbsp;&nbsp;&nbsp;&nbsp;&nbsp;&nbsp;&nbsp;&nbsp; |&nbsp;&nbsp;&nbsp;&nbsp; 3 |&nbsp;&nbsp; 123 |&nbsp;&nbsp;&nbsp;&nbsp; 7&nbsp; (29)| 00:00:01 |<br />
|*&nbsp; 1 |&nbsp; HASH JOIN&nbsp;&nbsp;&nbsp;&nbsp;&nbsp;&nbsp;&nbsp;&nbsp;&nbsp;&nbsp;&nbsp;&nbsp;&nbsp;&nbsp;&nbsp;&nbsp;&nbsp;&nbsp; |&nbsp;&nbsp;&nbsp;&nbsp;&nbsp;&nbsp;&nbsp;&nbsp;&nbsp;&nbsp;&nbsp;&nbsp;&nbsp;&nbsp;&nbsp;&nbsp;&nbsp;&nbsp; |&nbsp;&nbsp;&nbsp;&nbsp; 3 |&nbsp;&nbsp; 123 |&nbsp;&nbsp;&nbsp;&nbsp; 7&nbsp; (29)| 00:00:01 |<br />
|&nbsp;&nbsp; 2 |&nbsp;&nbsp; TABLE ACCESS BY INDEX ROWID| EMPLOYEES&nbsp;&nbsp;&nbsp;&nbsp;&nbsp;&nbsp;&nbsp;&nbsp; |&nbsp;&nbsp;&nbsp;&nbsp; 5 |&nbsp;&nbsp;&nbsp; 75 |&nbsp;&nbsp;&nbsp;&nbsp; 2&nbsp;&nbsp; (0)| 00:00:01 |<br />
|*&nbsp; 3 |&nbsp;&nbsp;&nbsp; INDEX RANGE SCAN&nbsp;&nbsp;&nbsp;&nbsp;&nbsp;&nbsp;&nbsp;&nbsp;&nbsp; | EMP_DEPARTMENT_IX |&nbsp;&nbsp;&nbsp;&nbsp; 5 |&nbsp;&nbsp;&nbsp;&nbsp;&nbsp;&nbsp; |&nbsp;&nbsp;&nbsp;&nbsp; 1&nbsp;&nbsp; (0)| 00:00:01 |<br />
|*&nbsp; 4 |&nbsp;&nbsp; VIEW&nbsp;&nbsp;&nbsp;&nbsp;&nbsp;&nbsp;&nbsp;&nbsp;&nbsp;&nbsp;&nbsp;&nbsp;&nbsp;&nbsp;&nbsp;&nbsp;&nbsp;&nbsp;&nbsp;&nbsp;&nbsp;&nbsp; |&nbsp;&nbsp;&nbsp;&nbsp;&nbsp;&nbsp;&nbsp;&nbsp;&nbsp;&nbsp;&nbsp;&nbsp;&nbsp;&nbsp;&nbsp;&nbsp;&nbsp;&nbsp; |&nbsp;&nbsp;&nbsp; 11 |&nbsp;&nbsp; 286 |&nbsp;&nbsp;&nbsp;&nbsp; 4&nbsp; (25)| 00:00:01 |<br />
|&nbsp;&nbsp; 5 |&nbsp;&nbsp;&nbsp; HASH GROUP BY&nbsp;&nbsp;&nbsp;&nbsp;&nbsp;&nbsp;&nbsp;&nbsp;&nbsp;&nbsp;&nbsp;&nbsp; |&nbsp;&nbsp;&nbsp;&nbsp;&nbsp;&nbsp;&nbsp;&nbsp;&nbsp;&nbsp;&nbsp;&nbsp;&nbsp;&nbsp;&nbsp;&nbsp;&nbsp;&nbsp; |&nbsp;&nbsp;&nbsp; 11 |&nbsp;&nbsp;&nbsp; 77 |&nbsp;&nbsp;&nbsp;&nbsp; 4&nbsp; (25)| 00:00:01 |<br />
|&nbsp;&nbsp; 6 |&nbsp;&nbsp;&nbsp;&nbsp; COUNT&nbsp;&nbsp;&nbsp;&nbsp;&nbsp;&nbsp;&nbsp;&nbsp;&nbsp;&nbsp;&nbsp;&nbsp;&nbsp;&nbsp;&nbsp;&nbsp;&nbsp;&nbsp;&nbsp; |&nbsp;&nbsp;&nbsp;&nbsp;&nbsp;&nbsp;&nbsp;&nbsp;&nbsp;&nbsp;&nbsp;&nbsp;&nbsp;&nbsp;&nbsp;&nbsp;&nbsp;&nbsp; |&nbsp;&nbsp;&nbsp;&nbsp;&nbsp;&nbsp; |&nbsp;&nbsp;&nbsp;&nbsp;&nbsp;&nbsp; |&nbsp;&nbsp;&nbsp;&nbsp;&nbsp;&nbsp;&nbsp;&nbsp;&nbsp;&nbsp;&nbsp; |&nbsp;&nbsp;&nbsp;&nbsp;&nbsp;&nbsp;&nbsp;&nbsp;&nbsp; |<br />
|*&nbsp; 7 |&nbsp;&nbsp;&nbsp;&nbsp;&nbsp; FILTER&nbsp;&nbsp;&nbsp;&nbsp;&nbsp;&nbsp;&nbsp;&nbsp;&nbsp;&nbsp;&nbsp;&nbsp;&nbsp;&nbsp;&nbsp;&nbsp;&nbsp; |&nbsp;&nbsp;&nbsp;&nbsp;&nbsp;&nbsp;&nbsp;&nbsp;&nbsp;&nbsp;&nbsp;&nbsp;&nbsp;&nbsp;&nbsp;&nbsp;&nbsp;&nbsp; |&nbsp;&nbsp;&nbsp;&nbsp;&nbsp;&nbsp; |&nbsp;&nbsp;&nbsp;&nbsp;&nbsp;&nbsp; |&nbsp;&nbsp;&nbsp;&nbsp;&nbsp;&nbsp;&nbsp;&nbsp;&nbsp;&nbsp;&nbsp; |&nbsp;&nbsp;&nbsp;&nbsp;&nbsp;&nbsp;&nbsp;&nbsp;&nbsp; |<br />
|&nbsp;&nbsp; 8 |&nbsp;&nbsp;&nbsp;&nbsp;&nbsp;&nbsp; TABLE ACCESS FULL&nbsp;&nbsp;&nbsp;&nbsp;&nbsp; | EMPLOYEES&nbsp;&nbsp;&nbsp;&nbsp;&nbsp;&nbsp;&nbsp;&nbsp; |&nbsp;&nbsp; 107 |&nbsp;&nbsp; 749 |&nbsp;&nbsp;&nbsp;&nbsp; 3&nbsp;&nbsp; (0)| 00:00:01 |<br />
--------------------------------------------------------------------------------------------------</p>
<p>Predicate Information (identified by operation id):<br />
---------------------------------------------------</p>
<p>&nbsp;&nbsp; 1 - access("E1"."DEPARTMENT_ID"="V"."DEPARTMENT_ID")<br />
&nbsp;&nbsp;&nbsp;&nbsp;&nbsp;&nbsp; filter("E1"."SALARY"&gt;"V"."AVG_SALARY")<br />
&nbsp;&nbsp; 3 - access("E1"."DEPARTMENT_ID"=60)<br />
&nbsp;&nbsp; 4 - filter("V"."DEPARTMENT_ID"=60)<br />
&nbsp;&nbsp; 7 - filter(ROWNUM&gt;1)<br />
</div></p>
<p>比较上面的两个查询可以看到，在第一个查询中，DEPARTMENT_ID=60谓词被推进到视图v中执行了，这样就使得内部视图查询只需要获得部门号为60的平均薪水就可以了；而在第二个查询中则需要计算每个部门的平均薪水，然后在与外部查询联结的时候使用DEPARTMENT_ID=60条件过滤，相对而言这里为了等待应用谓词条件，查询做了更多的工作。</p>
<p><strong>四、使用物化视图进行查询重写</strong></p>
<p>当为物化视图开启查询重写功能时，CBO优化器会评估相应查询对基表与物化视图的访问成本，如果优化器认为该查询结果从物化视图中获得会更高效，那么就会其自动选择为物化视图来执行，否则则对基表生成查询计划。</p>
<p>还是来看栗子：</p>
<p><div class="codetitle"><span><a style="CURSOR: pointer" data="23191" class="copybut" id="copybut23191" onclick="doCopy('code23191')"><U>复制代码</U></a></span> 代码如下:</div><div class="codebody" id="code23191"><br />
SQL&gt; set autotrace traceonly explain<br />
SQL&gt; select DEPARTMENT_ID,count(EMPLOYEE_ID) from EMPLOYEES group by DEPARTMENT_ID;</p>
<p>Execution Plan<br />
----------------------------------------------------------<br />
Plan hash value: 1192169904</p>
<p>--------------------------------------------------------------------------------<br />
| Id&nbsp; | Operation&nbsp;&nbsp;&nbsp;&nbsp;&nbsp;&nbsp;&nbsp;&nbsp;&nbsp; | Name&nbsp;&nbsp;&nbsp;&nbsp;&nbsp; | Rows&nbsp; | Bytes | Cost (%CPU)| Time&nbsp;&nbsp;&nbsp;&nbsp; |<br />
--------------------------------------------------------------------------------<br />
|&nbsp;&nbsp; 0 | SELECT STATEMENT&nbsp;&nbsp; |&nbsp;&nbsp;&nbsp;&nbsp;&nbsp;&nbsp;&nbsp;&nbsp;&nbsp;&nbsp; |&nbsp;&nbsp;&nbsp; 11 |&nbsp;&nbsp;&nbsp; 33 |&nbsp;&nbsp;&nbsp;&nbsp; 4&nbsp; (25)| 00:00:01 |<br />
|&nbsp;&nbsp; 1 |&nbsp; HASH GROUP BY&nbsp;&nbsp;&nbsp;&nbsp; |&nbsp;&nbsp;&nbsp;&nbsp;&nbsp;&nbsp;&nbsp;&nbsp;&nbsp;&nbsp; |&nbsp;&nbsp;&nbsp; 11 |&nbsp;&nbsp;&nbsp; 33 |&nbsp;&nbsp;&nbsp;&nbsp; 4&nbsp; (25)| 00:00:01 |<br />
|&nbsp;&nbsp; 2 |&nbsp;&nbsp; TABLE ACCESS FULL| EMPLOYEES |&nbsp;&nbsp; 107 |&nbsp;&nbsp; 321 |&nbsp;&nbsp;&nbsp;&nbsp; 3&nbsp;&nbsp; (0)| 00:00:01 |<br />
--------------------------------------------------------------------------------</p>
<p>-- 创建物化视图日志<br />
SQL&gt; create materialized view log on EMPLOYEES with sequence,<br />
&nbsp; 2&nbsp; rowid (EMPLOYEE_ID,DEPARTMENT_ID) including new values;</p>
<p>Materialized view log created.</p>
<p>-- 创建物化视图，并指定查询重写功能<br />
SQL&gt; create materialized view mv_t<br />
&nbsp; 2&nbsp; build immediate refresh fast on commit<br />
&nbsp; 3&nbsp; enable query rewrite as<br />
&nbsp; 4&nbsp; select DEPARTMENT_ID,count(EMPLOYEE_ID) from EMPLOYEES group by DEPARTMENT_ID;</p>
<p>Materialized view created.</p>
<p>SQL&gt; select DEPARTMENT_ID,count(EMPLOYEE_ID) from EMPLOYEES group by DEPARTMENT_ID;</p>
<p>Execution Plan<br />
----------------------------------------------------------<br />
Plan hash value: 1712400360</p>
<p>-------------------------------------------------------------------------------------<br />
| Id&nbsp; | Operation&nbsp;&nbsp;&nbsp;&nbsp;&nbsp;&nbsp;&nbsp;&nbsp;&nbsp;&nbsp;&nbsp;&nbsp;&nbsp;&nbsp;&nbsp;&nbsp;&nbsp;&nbsp;&nbsp; | Name | Rows&nbsp; | Bytes | Cost (%CPU)| Time&nbsp;&nbsp;&nbsp;&nbsp; |<br />
-------------------------------------------------------------------------------------<br />
|&nbsp;&nbsp; 0 | SELECT STATEMENT&nbsp;&nbsp;&nbsp;&nbsp;&nbsp;&nbsp;&nbsp;&nbsp;&nbsp;&nbsp;&nbsp;&nbsp; |&nbsp;&nbsp;&nbsp;&nbsp;&nbsp; |&nbsp;&nbsp;&nbsp; 12 |&nbsp;&nbsp; 312 |&nbsp;&nbsp;&nbsp;&nbsp; 3&nbsp;&nbsp; (0)| 00:00:01 |<br />
|&nbsp;&nbsp; 1 |&nbsp; MAT_VIEW REWRITE ACCESS FULL| MV_T |&nbsp;&nbsp;&nbsp; 12 |&nbsp;&nbsp; 312 |&nbsp;&nbsp;&nbsp;&nbsp; 3&nbsp;&nbsp; (0)| 00:00:01 |<br />
-------------------------------------------------------------------------------------</p>
<p>Note<br />
-----<br />
&nbsp;&nbsp; - dynamic sampling used for this statement (level=2)<br />
</div></p>
<p>可以看到在第二个查询中，虽然是指定的查询EMPLOYEES表，但是优化器自动选择了物化视图的执行路径，因为它判断出物化视图已经记载当前查询需要的结果集数据了，直接访问物化视图会获得更高的效率。</p>
<p>值得注意的是，这里的物化视图查询重写是自动发生的，同样也可以使用/*+ rewrite(mv_t) */提示的方式强制发生查询重写。</p>
<p><strong>总结：</strong></p>
<p>尽管优化器在用户透明的情况下改写了我们的查询结构，不过通常情况下这都是基于CBO优化模式下其判断较为高效的选择，这也是我们所期望的，同时为我们提供了一种学习方法，即在写SQL语句的过程中时刻考虑优化器的作用。</p>
<hr></span>                                     
		    	</div>
		    	<div class="panel-title"><i class="fa fa fa-file-text fa-fw"></i>代码注释</div>
			    <div class="panel-content">
			    <span></span>                                     
		    	</div>

			</div>

			<!-- END ROW -->
			<div class="newsPage">
				<div class="newsPageTurn">
				    <span><a>上一篇</a><a href='/php/biji/100187.html'>jquery队列函数用法实例</a><a>下一篇</a><a href='/php/biji/100189.html'>php绘制一条弧线的方法</a></span>
				</div>
			</div>
		</div>


<div id="author-box">
    <h3>作者：喵哥笔记</h3>
        <div class="author-info">
            <div class="author-avatar">
                <img src="/skin1/picture/01.jpg" alt="IDC笔记" class="avatar" width="64" height="64">
            </div>
        <div class="author-description">
            <p>学的不仅是技术，更是梦想！</p>
            <ul class="author-social follows nb">
            	<li>
                    <a target="_blank" href="/" title="IDC笔记">IDC笔记</a>
                </li>
            </ul>
        </div>
        <div class="clear"></div>
    </div>
</div>
<script>
var paras = document.getElementsByTagName("pre");
for ( var i=0;i<paras.length;i++ ) {
    paras[i].setAttribute("class","brush:php;toolbar:false");     
}
</script>
<!-- container-fluid -->
	</div>
<!-- content -->
	<footer class="footer">
	© 2020 IDC笔记 <i class="mdi mdi-heart text-danger"></i>. | 备案号：<a href="https://beian.miit.gov.cn/">辽ICP备18000516号</a>
<script>
var _hmt = _hmt || [];
(function() {
  var hm = document.createElement("script");
  hm.src = "https://hm.baidu.com/hm.js?674585fbbd2294d3faf910f668ea91b4";
  var s = document.getElementsByTagName("script")[0]; 
  s.parentNode.insertBefore(hm, s);
})();
</script>

	</footer>
</div>

</div>
<!-- END wrapper -->
<!-- jQuery  -->
<script src="/skin1/js/jquery.min.js"></script>
<script src="/skin1/js/bootstrap.bundle.min.js"></script>
<script src="/skin1/js/metismenu.min.js"></script>
<script src="/skin1/js/jquery.slimscroll.js"></script>
<script src="/skin1/js/waves.min.js"></script>
<!--Morris Chart-->
<script src="/skin1/js/morris.min.js"></script>
<script src="/skin1/js/raphael.min.js"></script>
<script src="/skin1/js/dashboard.init.js"></script>
<script src="/skin1/js/app.js"></script>
<script src="/foot.js"></script>
</body>
</html>